<?xml version="1.0" encoding="UTF-8"?>
<!-- Generated by org.testng.reporters.JUnitReportReporter -->
<testsuite hostname="DESKTOP-IDH9V1V" failures="0" tests="1" name="practise.DemoTest" time="0.034" errors="0" timestamp="2023-08-23T08:38:54 IST" skipped="0">
  <testcase classname="practise.DemoTest" name="m1" time="0.034"/>
</testsuite> <!-- practise.DemoTest -->
